[2022-05-20 21:57:25,339] ERROR: (psycopg2.errors.StringDataRightTruncation) value too long for type character varying(20)

[SQL: UPDATE post SET updated=%(updated)s, picture_file=%(picture_file)s WHERE post.post_id = %(post_post_id)s]
[parameters: {'updated': datetime.datetime(2022, 5, 20, 18, 57, 25, 337461), 'picture_file': '8f716aaab117a5c6.jpeg', 'post_post_id': 8}]
(Background on this error at: https://sqlalche.me/e/14/9h9h)
Traceback (most recent call last):
  File "/Users/alenak/.local/share/virtualenvs/web_app-CmvQIF_o/lib/python3.9/site-packages/sqlalchemy/engine/base.py", line 1808, in _execute_context
    self.dialect.do_execute(
  File "/Users/alenak/.local/share/virtualenvs/web_app-CmvQIF_o/lib/python3.9/site-packages/sqlalchemy/engine/default.py", line 732, in do_execute
    cursor.execute(statement, parameters)
psycopg2.errors.StringDataRightTruncation: value too long for type character varying(20)


The above exception was the direct cause of the following exception:

Traceback (most recent call last):
  File "/Users/alenak/Projects/web_app/app/view.py", line 200, in update_post
    db.session.commit()
  File "<string>", line 2, in commit
  File "/Users/alenak/.local/share/virtualenvs/web_app-CmvQIF_o/lib/python3.9/site-packages/sqlalchemy/orm/session.py", line 1431, in commit
    self._transaction.commit(_to_root=self.future)
  File "/Users/alenak/.local/share/virtualenvs/web_app-CmvQIF_o/lib/python3.9/site-packages/sqlalchemy/orm/session.py", line 829, in commit
    self._prepare_impl()
  File "/Users/alenak/.local/share/virtualenvs/web_app-CmvQIF_o/lib/python3.9/site-packages/sqlalchemy/orm/session.py", line 808, in _prepare_impl
    self.session.flush()
  File "/Users/alenak/.local/share/virtualenvs/web_app-CmvQIF_o/lib/python3.9/site-packages/sqlalchemy/orm/session.py", line 3363, in flush
    self._flush(objects)
  File "/Users/alenak/.local/share/virtualenvs/web_app-CmvQIF_o/lib/python3.9/site-packages/sqlalchemy/orm/session.py", line 3503, in _flush
    transaction.rollback(_capture_exception=True)
  File "/Users/alenak/.local/share/virtualenvs/web_app-CmvQIF_o/lib/python3.9/site-packages/sqlalchemy/util/langhelpers.py", line 70, in __exit__
    compat.raise_(
  File "/Users/alenak/.local/share/virtualenvs/web_app-CmvQIF_o/lib/python3.9/site-packages/sqlalchemy/util/compat.py", line 207, in raise_
    raise exception
  File "/Users/alenak/.local/share/virtualenvs/web_app-CmvQIF_o/lib/python3.9/site-packages/sqlalchemy/orm/session.py", line 3463, in _flush
    flush_context.execute()
  File "/Users/alenak/.local/share/virtualenvs/web_app-CmvQIF_o/lib/python3.9/site-packages/sqlalchemy/orm/unitofwork.py", line 456, in execute
    rec.execute(self)
  File "/Users/alenak/.local/share/virtualenvs/web_app-CmvQIF_o/lib/python3.9/site-packages/sqlalchemy/orm/unitofwork.py", line 630, in execute
    util.preloaded.orm_persistence.save_obj(
  File "/Users/alenak/.local/share/virtualenvs/web_app-CmvQIF_o/lib/python3.9/site-packages/sqlalchemy/orm/persistence.py", line 236, in save_obj
    _emit_update_statements(
  File "/Users/alenak/.local/share/virtualenvs/web_app-CmvQIF_o/lib/python3.9/site-packages/sqlalchemy/orm/persistence.py", line 1000, in _emit_update_statements
    c = connection._execute_20(
  File "/Users/alenak/.local/share/virtualenvs/web_app-CmvQIF_o/lib/python3.9/site-packages/sqlalchemy/engine/base.py", line 1620, in _execute_20
    return meth(self, args_10style, kwargs_10style, execution_options)
  File "/Users/alenak/.local/share/virtualenvs/web_app-CmvQIF_o/lib/python3.9/site-packages/sqlalchemy/sql/elements.py", line 325, in _execute_on_connection
    return connection._execute_clauseelement(
  File "/Users/alenak/.local/share/virtualenvs/web_app-CmvQIF_o/lib/python3.9/site-packages/sqlalchemy/engine/base.py", line 1487, in _execute_clauseelement
    ret = self._execute_context(
  File "/Users/alenak/.local/share/virtualenvs/web_app-CmvQIF_o/lib/python3.9/site-packages/sqlalchemy/engine/base.py", line 1851, in _execute_context
    self._handle_dbapi_exception(
  File "/Users/alenak/.local/share/virtualenvs/web_app-CmvQIF_o/lib/python3.9/site-packages/sqlalchemy/engine/base.py", line 2032, in _handle_dbapi_exception
    util.raise_(
  File "/Users/alenak/.local/share/virtualenvs/web_app-CmvQIF_o/lib/python3.9/site-packages/sqlalchemy/util/compat.py", line 207, in raise_
    raise exception
  File "/Users/alenak/.local/share/virtualenvs/web_app-CmvQIF_o/lib/python3.9/site-packages/sqlalchemy/engine/base.py", line 1808, in _execute_context
    self.dialect.do_execute(
  File "/Users/alenak/.local/share/virtualenvs/web_app-CmvQIF_o/lib/python3.9/site-packages/sqlalchemy/engine/default.py", line 732, in do_execute
    cursor.execute(statement, parameters)
sqlalchemy.exc.DataError: (psycopg2.errors.StringDataRightTruncation) value too long for type character varying(20)

[SQL: UPDATE post SET updated=%(updated)s, picture_file=%(picture_file)s WHERE post.post_id = %(post_post_id)s]
[parameters: {'updated': datetime.datetime(2022, 5, 20, 18, 57, 25, 337461), 'picture_file': '8f716aaab117a5c6.jpeg', 'post_post_id': 8}]
(Background on this error at: https://sqlalche.me/e/14/9h9h)
[2022-05-21 10:02:29,607] INFO: User admin logged in.
[2022-05-21 10:02:43,028] INFO: User admin updated post 6.
[2022-05-21 11:44:14,589] INFO: User admin updated post 2.
[2022-05-21 11:47:44,114] INFO: User admin updated post 2.
[2022-05-21 11:57:54,774] INFO: User admin updated post 2.
[2022-05-21 11:59:44,834] INFO: User admin updated post 2.
[2022-05-21 12:02:44,609] INFO: User admin updated post 2.
[2022-05-21 12:20:42,233] INFO: User admin updated post 2.
[2022-05-21 12:21:46,751] INFO: User admin updated post 2.
[2022-05-21 12:45:25,869] INFO: User admin updated post 2.
[2022-05-21 12:45:42,621] INFO: User admin updated post 1.
[2022-05-21 12:48:46,234] INFO: User admin added new post.
[2022-05-21 12:56:24,351] INFO: User admin updated post 21.
[2022-05-21 12:58:01,130] INFO: User admin updated post 21.
[2022-05-21 12:59:12,854] INFO: User admin updated post 21.
[2022-05-21 13:00:55,204] INFO: User admin updated post 21.
[2022-05-21 13:02:47,444] INFO: User admin updated post 21.
[2022-05-21 13:37:04,802] INFO: User admin updated post 21.
[2022-05-21 13:37:56,182] INFO: User admin updated post 21.
[2022-05-21 13:38:36,742] INFO: User admin updated post 21.
[2022-05-21 13:39:58,865] INFO: User admin updated post 21.
[2022-05-21 13:41:33,963] INFO: User admin updated post 21.
[2022-05-21 13:50:36,867] INFO: User admin added new comment.
[2022-05-21 13:54:57,201] INFO: User admin added new comment.
[2022-05-21 13:55:55,600] INFO: User admin added new comment.
[2022-05-21 13:58:13,669] INFO: User admin added new comment.
[2022-05-21 13:59:05,211] INFO: User admin added new comment.
[2022-05-21 14:02:13,845] INFO: User admin added new comment.
[2022-05-21 14:02:25,905] INFO: User admin added new comment.
[2022-05-21 14:02:43,645] INFO: User admin added new comment.
